<?xml version="1.0" encoding="UTF-8"?>
<!-- Generated by org.testng.reporters.JUnitReportReporter -->
<testsuite hostname="sadman" failures="0" tests="3" name="pathao.trackOrder" time="12.866" errors="0" timestamp="2024-09-28T19:09:40 GMT+06:00" skipped="0">
  <testcase classname="pathao.trackOrder" name="openApp" time="12.863"/>
  <system-out/>
  <testcase classname="pathao.trackOrder" name="EnterTrackingID" time="0.002"/>
  <system-out/>
  <testcase classname="pathao.trackOrder" name="ExitApp" time="0.001"/>
  <system-out/>
</testsuite> <!-- pathao.trackOrder -->
