<?xml version="1.0" encoding="UTF-8"?>
<!-- Generated by org.testng.reporters.JUnitReportReporter -->
<testsuite hostname="sadman" failures="0" tests="4" name="pathao.loginPagevalidation" time="18.518" errors="0" timestamp="2024-09-28T19:09:40 GMT+06:00" skipped="0">
  <testcase classname="pathao.loginPagevalidation" name="openapp" time="10.872"/>
  <system-out/>
  <testcase classname="pathao.loginPagevalidation" name="testlogo" time="2.102"/>
  <system-out/>
  <testcase classname="pathao.loginPagevalidation" name="login" time="2.445"/>
  <system-out/>
  <testcase classname="pathao.loginPagevalidation" name="logout" time="3.099"/>
  <system-out/>
</testsuite> <!-- pathao.loginPagevalidation -->
